2012-01-07 22:54:04 Warning: Warning (512): Method HtmlHelper::javascript does not exist in [/usr/share/php/cake/libs/view/helper.php, line 154]
2012-01-08 00:06:29 Warning: Warning (512): <span style="color:Red;text-align:left"><b>SQL Error:</b> 1064: You have an error in your SQL syntax; check the manual that corresponds to your MySQL server version for the right syntax to use near 'count' at line 1</span> in [/usr/share/php/cake/libs/model/datasources/dbo_source.php, line 684]
2012-01-10 00:10:18 Warning: Warning (2): http_build_query() [http://php.net/function.http-build-query]: Parameter 1 expected to be Array or Object.  Incorrect value given in [/home/juanda/desarrollos/old-parr-toma/development/php/backend/controllers/users_controller.php, line 95]
2012-01-16 19:46:21 Warning: Warning (512): <span style="color:Red;text-align:left"><b>SQL Error:</b> 1054: Unknown column 'Referrer.created' in 'order clause'</span> in [/usr/share/php/cake/libs/model/datasources/dbo_source.php, line 684]
2012-01-16 19:50:45 Warning: Warning (512): <span style="color:Red;text-align:left"><b>SQL Error:</b> 1054: Unknown column 'Referrer.created' in 'order clause'</span> in [/usr/share/php/cake/libs/model/datasources/dbo_source.php, line 684]
2012-01-16 19:50:46 Warning: Warning (512): <span style="color:Red;text-align:left"><b>SQL Error:</b> 1054: Unknown column 'Referrer.created' in 'order clause'</span> in [/usr/share/php/cake/libs/model/datasources/dbo_source.php, line 684]
2012-01-16 19:50:46 Warning: Warning (512): <span style="color:Red;text-align:left"><b>SQL Error:</b> 1054: Unknown column 'Referrer.created' in 'order clause'</span> in [/usr/share/php/cake/libs/model/datasources/dbo_source.php, line 684]
2012-01-16 19:50:47 Warning: Warning (512): <span style="color:Red;text-align:left"><b>SQL Error:</b> 1054: Unknown column 'Referrer.created' in 'order clause'</span> in [/usr/share/php/cake/libs/model/datasources/dbo_source.php, line 684]
2012-01-16 19:50:47 Warning: Warning (512): <span style="color:Red;text-align:left"><b>SQL Error:</b> 1054: Unknown column 'Referrer.created' in 'order clause'</span> in [/usr/share/php/cake/libs/model/datasources/dbo_source.php, line 684]
2012-01-16 19:50:47 Warning: Warning (512): <span style="color:Red;text-align:left"><b>SQL Error:</b> 1054: Unknown column 'Referrer.created' in 'order clause'</span> in [/usr/share/php/cake/libs/model/datasources/dbo_source.php, line 684]
2012-01-16 19:50:47 Warning: Warning (512): <span style="color:Red;text-align:left"><b>SQL Error:</b> 1054: Unknown column 'Referrer.created' in 'order clause'</span> in [/usr/share/php/cake/libs/model/datasources/dbo_source.php, line 684]
2012-01-16 19:50:47 Warning: Warning (512): <span style="color:Red;text-align:left"><b>SQL Error:</b> 1054: Unknown column 'Referrer.created' in 'order clause'</span> in [/usr/share/php/cake/libs/model/datasources/dbo_source.php, line 684]
2012-01-16 19:51:05 Warning: Warning (512): <span style="color:Red;text-align:left"><b>SQL Error:</b> 1054: Unknown column 'Referrer.created' in 'order clause'</span> in [/usr/share/php/cake/libs/model/datasources/dbo_source.php, line 684]
2012-01-16 19:51:06 Warning: Warning (512): <span style="color:Red;text-align:left"><b>SQL Error:</b> 1054: Unknown column 'Referrer.created' in 'order clause'</span> in [/usr/share/php/cake/libs/model/datasources/dbo_source.php, line 684]
2012-01-16 19:51:06 Warning: Warning (512): <span style="color:Red;text-align:left"><b>SQL Error:</b> 1054: Unknown column 'Referrer.created' in 'order clause'</span> in [/usr/share/php/cake/libs/model/datasources/dbo_source.php, line 684]
2012-01-16 19:51:07 Warning: Warning (512): <span style="color:Red;text-align:left"><b>SQL Error:</b> 1054: Unknown column 'Referrer.created' in 'order clause'</span> in [/usr/share/php/cake/libs/model/datasources/dbo_source.php, line 684]
2012-01-16 19:51:47 Warning: Warning (2): Invalid argument supplied for foreach() in [/home/juanda/desarrollos/old-parr-toma/development/php/backend/views/referrers/index.ctp, line 38]
2012-01-18 10:59:55 Warning: Warning (512): <span style="color:Red;text-align:left"><b>SQL Error:</b> 1054: Unknown column 'Referrer.user_i_d' in 'where clause'</span> in [/usr/share/php/cake/libs/model/datasources/dbo_source.php, line 684]
2012-01-18 11:09:12 Warning: Warning (512): <span style="color:Red;text-align:left"><b>SQL Error:</b> 1054: Unknown column 'Referrer.created' in 'order clause'</span> in [/usr/share/php/cake/libs/model/datasources/dbo_source.php, line 684]
2012-01-18 11:09:12 Warning: Warning (2): Invalid argument supplied for foreach() in [/home/juanda/desarrollos/old-parr-toma/development/php/backend/views/referrers/index.ctp, line 29]
2012-01-18 11:09:21 Warning: Warning (512): <span style="color:Red;text-align:left"><b>SQL Error:</b> 1054: Unknown column 'Referrer.created' in 'order clause'</span> in [/usr/share/php/cake/libs/model/datasources/dbo_source.php, line 684]
2012-01-18 11:09:21 Warning: Warning (2): Invalid argument supplied for foreach() in [/home/juanda/desarrollos/old-parr-toma/development/php/backend/views/referrers/index.ctp, line 29]
2012-01-18 11:47:33 Warning: Warning (512): <span style="color:Red;text-align:left"><b>SQL Error:</b> 1054: Unknown column 'Referrer.created' in 'order clause'</span> in [/usr/share/php/cake/libs/model/datasources/dbo_source.php, line 684]
2012-01-18 11:47:33 Warning: Warning (2): Invalid argument supplied for foreach() in [/home/juanda/desarrollos/old-parr-toma/development/php/backend/views/referrers/index.ctp, line 29]
2012-01-18 11:48:10 Warning: Warning (512): <span style="color:Red;text-align:left"><b>SQL Error:</b> 1054: Unknown column 'Referrer.created' in 'order clause'</span> in [/usr/share/php/cake/libs/model/datasources/dbo_source.php, line 684]
2012-01-18 11:48:10 Warning: Warning (2): Invalid argument supplied for foreach() in [/home/juanda/desarrollos/old-parr-toma/development/php/backend/views/referrers/index.ctp, line 29]
2012-01-18 11:48:22 Warning: Warning (512): <span style="color:Red;text-align:left"><b>SQL Error:</b> 1054: Unknown column 'Referrers.created' in 'order clause'</span> in [/usr/share/php/cake/libs/model/datasources/dbo_source.php, line 684]
2012-01-18 11:48:22 Warning: Warning (2): Invalid argument supplied for foreach() in [/home/juanda/desarrollos/old-parr-toma/development/php/backend/views/referrers/index.ctp, line 29]
2012-01-18 11:48:28 Warning: Warning (512): <span style="color:Red;text-align:left"><b>SQL Error:</b> 1054: Unknown column 'Referer.created' in 'order clause'</span> in [/usr/share/php/cake/libs/model/datasources/dbo_source.php, line 684]
2012-01-18 11:48:28 Warning: Warning (2): Invalid argument supplied for foreach() in [/home/juanda/desarrollos/old-parr-toma/development/php/backend/views/referrers/index.ctp, line 29]
2012-01-18 11:58:06 Warning: Warning (512): <span style="color:Red;text-align:left"><b>SQL Error:</b> 1054: Unknown column 'Referrers.created' in 'order clause'</span> in [/usr/share/php/cake/libs/model/datasources/dbo_source.php, line 684]
2012-01-18 11:58:06 Warning: Warning (2): Invalid argument supplied for foreach() in [/home/juanda/desarrollos/old-parr-toma/development/php/backend/views/referrers/index.ctp, line 29]
2012-01-18 11:58:27 Warning: Warning (512): <span style="color:Red;text-align:left"><b>SQL Error:</b> 1054: Unknown column 'Referrers.created' in 'order clause'</span> in [/usr/share/php/cake/libs/model/datasources/dbo_source.php, line 684]
2012-01-18 11:58:59 Warning: Warning (512): <span style="color:Red;text-align:left"><b>SQL Error:</b> 1054: Unknown column 'Referrers.created' in 'order clause'</span> in [/usr/share/php/cake/libs/model/datasources/dbo_source.php, line 684]
2012-01-18 11:59:00 Warning: Warning (512): <span style="color:Red;text-align:left"><b>SQL Error:</b> 1054: Unknown column 'Referrers.created' in 'order clause'</span> in [/usr/share/php/cake/libs/model/datasources/dbo_source.php, line 684]
2012-01-18 11:59:00 Warning: Warning (512): <span style="color:Red;text-align:left"><b>SQL Error:</b> 1054: Unknown column 'Referrers.created' in 'order clause'</span> in [/usr/share/php/cake/libs/model/datasources/dbo_source.php, line 684]
2012-01-18 11:59:00 Warning: Warning (512): <span style="color:Red;text-align:left"><b>SQL Error:</b> 1054: Unknown column 'Referrers.created' in 'order clause'</span> in [/usr/share/php/cake/libs/model/datasources/dbo_source.php, line 684]
2012-01-18 11:59:01 Warning: Warning (512): <span style="color:Red;text-align:left"><b>SQL Error:</b> 1054: Unknown column 'Referrers.created' in 'order clause'</span> in [/usr/share/php/cake/libs/model/datasources/dbo_source.php, line 684]
2012-01-18 11:59:01 Warning: Warning (512): <span style="color:Red;text-align:left"><b>SQL Error:</b> 1054: Unknown column 'Referrers.created' in 'order clause'</span> in [/usr/share/php/cake/libs/model/datasources/dbo_source.php, line 684]
2012-01-18 11:59:23 Warning: Warning (512): <span style="color:Red;text-align:left"><b>SQL Error:</b> 1054: Unknown column 'Referrers.created' in 'order clause'</span> in [/usr/share/php/cake/libs/model/datasources/dbo_source.php, line 684]
2012-01-18 11:59:45 Warning: Warning (512): <span style="color:Red;text-align:left"><b>SQL Error:</b> 1054: Unknown column 'Referrers.created' in 'order clause'</span> in [/usr/share/php/cake/libs/model/datasources/dbo_source.php, line 684]
2012-01-18 12:00:07 Warning: Warning (512): <span style="color:Red;text-align:left"><b>SQL Error:</b> 1054: Unknown column 'Referrers.created' in 'order clause'</span> in [/usr/share/php/cake/libs/model/datasources/dbo_source.php, line 684]
2012-01-18 12:00:07 Warning: Warning (2): Invalid argument supplied for foreach() in [/home/juanda/desarrollos/old-parr-toma/development/php/backend/views/referrers/index.ctp, line 29]
